<?xml version="1.0" encoding="utf-8"?><testsuites name="pytest tests"><testsuite name="pytest" errors="0" failures="0" skipped="0" tests="25" time="4.119" timestamp="2026-06-18T02:40:56.558458+00:00" hostname="agent-env-44d853a0-4c6f-4096-9344-0f29d9b637aa"><testcase classname="backend.tests.test_admin_api.TestAuth" name="test_login_success" time="0.402" /><testcase classname="backend.tests.test_admin_api.TestAuth" name="test_login_invalid" time="0.266" /><testcase classname="backend.tests.test_admin_api.TestAuth" name="test_me_with_token" time="0.315" /><testcase classname="backend.tests.test_admin_api.TestAuth" name="test_me_without_token" time="0.043" /><testcase classname="backend.tests.test_admin_api.TestGallery" name="test_public_gallery_list" time="0.048" /><testcase classname="backend.tests.test_admin_api.TestGallery" name="test_upload_requires_auth" time="0.046" /><testcase classname="backend.tests.test_admin_api.TestGallery" name="test_upload_success_png" time="0.089" /><testcase classname="backend.tests.test_admin_api.TestGallery" name="test_upload_rejects_non_image" time="0.044" /><testcase classname="backend.tests.test_admin_api.TestGallery" name="test_upload_rejects_oversize" time="0.276" /><testcase classname="backend.tests.test_admin_api.TestGallery" name="test_invalid_year_rejected" time="0.046" /><testcase classname="backend.tests.test_admin_api.TestGallery" name="test_delete_gallery" time="0.129" /><testcase classname="backend.tests.test_admin_api.TestGallery" name="test_delete_requires_auth" time="0.045" /><testcase classname="backend.tests.test_admin_api.TestTestimonials" name="test_public_list" time="0.047" /><testcase classname="backend.tests.test_admin_api.TestTestimonials" name="test_create_requires_auth" time="0.045" /><testcase classname="backend.tests.test_admin_api.TestTestimonials" name="test_create_success" time="1.510" /><testcase classname="backend.tests.test_admin_api.TestTestimonials" name="test_update" time="0.047" /><testcase classname="backend.tests.test_admin_api.TestTestimonials" name="test_update_requires_auth" time="0.045" /><testcase classname="backend.tests.test_admin_api.TestTestimonials" name="test_delete" time="0.100" /><testcase classname="backend.tests.test_admin_api.TestTestimonials" name="test_delete_requires_auth" time="0.047" /><testcase classname="backend.tests.test_admin_api.TestDemoBookings" name="test_list_requires_auth" time="0.062" /><testcase classname="backend.tests.test_admin_api.TestDemoBookings" name="test_public_create" time="0.047" /><testcase classname="backend.tests.test_admin_api.TestDemoBookings" name="test_list_with_auth" time="0.047" /><testcase classname="backend.tests.test_admin_api.TestDemoBookings" name="test_status_update_valid" time="0.096" /><testcase classname="backend.tests.test_admin_api.TestDemoBookings" name="test_status_update_invalid" time="0.046" /><testcase classname="backend.tests.test_admin_api.TestDemoBookings" name="test_status_update_requires_auth" time="0.043" /></testsuite></testsuites>