<?xml version="1.0" encoding="utf-8"?><testsuites name="pytest tests"><testsuite name="pytest" errors="0" failures="0" skipped="0" tests="5" time="0.740" timestamp="2026-06-16T09:08:46.735136+00:00" hostname="agent-env-44d853a0-4c6f-4096-9344-0f29d9b637aa"><testcase classname="backend.tests.test_gurukul_api" name="test_health" time="0.184" /><testcase classname="backend.tests.test_gurukul_api" name="test_create_demo_booking_full" time="0.052" /><testcase classname="backend.tests.test_gurukul_api" name="test_create_demo_booking_minimal" time="0.054" /><testcase classname="backend.tests.test_gurukul_api" name="test_demo_booking_validation_missing_fields" time="0.138" /><testcase classname="backend.tests.test_gurukul_api" name="test_list_demo_bookings_latest_first" time="0.138" /></testsuite></testsuites>